INFO:     Will watch for changes in these directories: ['/home/dzoan/credit-appraisal-agent-poc']
INFO:     Uvicorn running on http://0.0.0.0:8090 (Press CTRL+C to quit)
INFO:     Started reloader process [15197] using WatchFiles
INFO:     Started server process [15207]
INFO:     Waiting for application startup.
INFO:     Application startup complete.
INFO:     127.0.0.1:35528 - "GET /docs HTTP/1.1" 200 OK
INFO:     127.0.0.1:35528 - "GET /openapi.json HTTP/1.1" 200 OK
INFO:     127.0.0.1:34832 - "GET /v1/training/production_meta HTTP/1.1" 200 OK
INFO:     127.0.0.1:34842 - "GET /v1/training/production_meta HTTP/1.1" 200 OK
INFO:     127.0.0.1:52356 - "GET /v1/training/production_meta HTTP/1.1" 200 OK
INFO:     127.0.0.1:52360 - "GET /v1/training/production_meta HTTP/1.1" 200 OK
INFO:     127.0.0.1:35416 - "GET /v1/training/production_meta HTTP/1.1" 200 OK
INFO:     127.0.0.1:35426 - "GET /v1/training/production_meta HTTP/1.1" 200 OK
INFO:     127.0.0.1:35432 - "GET /v1/agents HTTP/1.1" 200 OK
INFO:     127.0.0.1:35440 - "POST /v1/agents/asset_appraisal/run HTTP/1.1" 200 OK
INFO:     127.0.0.1:35442 - "POST /v1/agents/credit_appraisal/run HTTP/1.1" 500 Internal Server Error
ERROR:    Exception in ASGI application
Traceback (most recent call last):
  File "/home/dzoan/credit-appraisal-agent-poc/agents/credit_appraisal/runner.py", line 29, in _safe_num
    return pd.to_numeric(series, errors="coerce").fillna(default)
AttributeError: 'int' object has no attribute 'fillna'

During handling of the above exception, another exception occurred:

Traceback (most recent call last):
  File "/home/dzoan/credit-appraisal-agent-poc/.venv/lib/python3.10/site-packages/uvicorn/protocols/http/httptools_impl.py", line 401, in run_asgi
    result = await app(  # type: ignore[func-returns-value]
  File "/home/dzoan/credit-appraisal-agent-poc/.venv/lib/python3.10/site-packages/uvicorn/middleware/proxy_headers.py", line 70, in __call__
    return await self.app(scope, receive, send)
  File "/home/dzoan/credit-appraisal-agent-poc/.venv/lib/python3.10/site-packages/fastapi/applications.py", line 1054, in __call__
    await super().__call__(scope, receive, send)
  File "/home/dzoan/credit-appraisal-agent-poc/.venv/lib/python3.10/site-packages/starlette/applications.py", line 113, in __call__
    await self.middleware_stack(scope, receive, send)
  File "/home/dzoan/credit-appraisal-agent-poc/.venv/lib/python3.10/site-packages/starlette/middleware/errors.py", line 187, in __call__
    raise exc
  File "/home/dzoan/credit-appraisal-agent-poc/.venv/lib/python3.10/site-packages/starlette/middleware/errors.py", line 165, in __call__
    await self.app(scope, receive, _send)
  File "/home/dzoan/credit-appraisal-agent-poc/.venv/lib/python3.10/site-packages/starlette/middleware/cors.py", line 85, in __call__
    await self.app(scope, receive, send)
  File "/home/dzoan/credit-appraisal-agent-poc/.venv/lib/python3.10/site-packages/starlette/middleware/exceptions.py", line 62, in __call__
    await wrap_app_handling_exceptions(self.app, conn)(scope, receive, send)
  File "/home/dzoan/credit-appraisal-agent-poc/.venv/lib/python3.10/site-packages/starlette/_exception_handler.py", line 62, in wrapped_app
    raise exc
  File "/home/dzoan/credit-appraisal-agent-poc/.venv/lib/python3.10/site-packages/starlette/_exception_handler.py", line 51, in wrapped_app
    await app(scope, receive, sender)
  File "/home/dzoan/credit-appraisal-agent-poc/.venv/lib/python3.10/site-packages/starlette/routing.py", line 715, in __call__
    await self.middleware_stack(scope, receive, send)
  File "/home/dzoan/credit-appraisal-agent-poc/.venv/lib/python3.10/site-packages/starlette/routing.py", line 735, in app
    await route.handle(scope, receive, send)
  File "/home/dzoan/credit-appraisal-agent-poc/.venv/lib/python3.10/site-packages/starlette/routing.py", line 288, in handle
    await self.app(scope, receive, send)
  File "/home/dzoan/credit-appraisal-agent-poc/.venv/lib/python3.10/site-packages/starlette/routing.py", line 76, in app
    await wrap_app_handling_exceptions(app, request)(scope, receive, send)
  File "/home/dzoan/credit-appraisal-agent-poc/.venv/lib/python3.10/site-packages/starlette/_exception_handler.py", line 62, in wrapped_app
    raise exc
  File "/home/dzoan/credit-appraisal-agent-poc/.venv/lib/python3.10/site-packages/starlette/_exception_handler.py", line 51, in wrapped_app
    await app(scope, receive, sender)
  File "/home/dzoan/credit-appraisal-agent-poc/.venv/lib/python3.10/site-packages/starlette/routing.py", line 73, in app
    response = await f(request)
  File "/home/dzoan/credit-appraisal-agent-poc/.venv/lib/python3.10/site-packages/fastapi/routing.py", line 301, in app
    raw_response = await run_endpoint_function(
  File "/home/dzoan/credit-appraisal-agent-poc/.venv/lib/python3.10/site-packages/fastapi/routing.py", line 212, in run_endpoint_function
    return await dependant.call(**values)
  File "/home/dzoan/credit-appraisal-agent-poc/services/api/routers/agents.py", line 186, in run_agent
    out_df = runner(df, params)
  File "/home/dzoan/credit-appraisal-agent-poc/agents/credit_appraisal/runner.py", line 153, in run
    score = _score_classic(out)
  File "/home/dzoan/credit-appraisal-agent-poc/agents/credit_appraisal/runner.py", line 40, in _score_classic
    credit_score = _safe_num(df.get("credit_score", 600))
  File "/home/dzoan/credit-appraisal-agent-poc/agents/credit_appraisal/runner.py", line 31, in _safe_num
    return pd.Series([default] * len(series))
TypeError: object of type 'int' has no len()
INFO:     127.0.0.1:57524 - "GET /v1/training/production_meta HTTP/1.1" 200 OK
INFO:     127.0.0.1:44802 - "GET /v1/training/production_meta HTTP/1.1" 200 OK
INFO:     127.0.0.1:44814 - "GET /v1/training/production_meta HTTP/1.1" 200 OK
INFO:     127.0.0.1:44830 - "GET /v1/training/production_meta HTTP/1.1" 200 OK
INFO:     127.0.0.1:44834 - "GET /v1/training/production_meta HTTP/1.1" 200 OK
INFO:     127.0.0.1:44846 - "GET /v1/training/production_meta HTTP/1.1" 200 OK
INFO:     127.0.0.1:44852 - "GET /v1/training/production_meta HTTP/1.1" 200 OK
INFO:     127.0.0.1:55530 - "GET /v1/training/production_meta HTTP/1.1" 200 OK
INFO:     127.0.0.1:55540 - "GET /v1/training/production_meta HTTP/1.1" 200 OK
INFO:     127.0.0.1:55554 - "GET /v1/training/production_meta HTTP/1.1" 200 OK
INFO:     127.0.0.1:55562 - "POST /v1/agents/credit_appraisal/run HTTP/1.1" 200 OK
INFO:     127.0.0.1:55570 - "GET /v1/runs/credit_appraisal_20251101T065806Z_3fa32d7d/report?format=csv HTTP/1.1" 200 OK
INFO:     127.0.0.1:55586 - "GET /v1/training/production_meta HTTP/1.1" 200 OK
INFO:     127.0.0.1:52328 - "GET /v1/training/production_meta HTTP/1.1" 200 OK
INFO:     127.0.0.1:52340 - "GET /v1/training/production_meta HTTP/1.1" 200 OK
INFO:     127.0.0.1:49230 - "GET /v1/training/production_meta HTTP/1.1" 200 OK
INFO:     127.0.0.1:49232 - "GET /v1/training/production_meta HTTP/1.1" 200 OK
INFO:     127.0.0.1:51482 - "GET /v1/training/production_meta HTTP/1.1" 200 OK
INFO:     127.0.0.1:51494 - "GET /v1/training/production_meta HTTP/1.1" 200 OK
INFO:     127.0.0.1:51496 - "GET /v1/training/production_meta HTTP/1.1" 200 OK
INFO:     127.0.0.1:51510 - "GET /v1/agents HTTP/1.1" 200 OK
INFO:     127.0.0.1:51526 - "POST /v1/agents/asset_appraisal/run HTTP/1.1" 200 OK
INFO:     127.0.0.1:51530 - "POST /v1/agents/credit_appraisal/run HTTP/1.1" 500 Internal Server Error
ERROR:    Exception in ASGI application
Traceback (most recent call last):
  File "/home/dzoan/credit-appraisal-agent-poc/agents/credit_appraisal/runner.py", line 29, in _safe_num
    return pd.to_numeric(series, errors="coerce").fillna(default)
AttributeError: 'int' object has no attribute 'fillna'

During handling of the above exception, another exception occurred:

Traceback (most recent call last):
  File "/home/dzoan/credit-appraisal-agent-poc/.venv/lib/python3.10/site-packages/uvicorn/protocols/http/httptools_impl.py", line 401, in run_asgi
    result = await app(  # type: ignore[func-returns-value]
  File "/home/dzoan/credit-appraisal-agent-poc/.venv/lib/python3.10/site-packages/uvicorn/middleware/proxy_headers.py", line 70, in __call__
    return await self.app(scope, receive, send)
  File "/home/dzoan/credit-appraisal-agent-poc/.venv/lib/python3.10/site-packages/fastapi/applications.py", line 1054, in __call__
    await super().__call__(scope, receive, send)
  File "/home/dzoan/credit-appraisal-agent-poc/.venv/lib/python3.10/site-packages/starlette/applications.py", line 113, in __call__
    await self.middleware_stack(scope, receive, send)
  File "/home/dzoan/credit-appraisal-agent-poc/.venv/lib/python3.10/site-packages/starlette/middleware/errors.py", line 187, in __call__
    raise exc
  File "/home/dzoan/credit-appraisal-agent-poc/.venv/lib/python3.10/site-packages/starlette/middleware/errors.py", line 165, in __call__
    await self.app(scope, receive, _send)
  File "/home/dzoan/credit-appraisal-agent-poc/.venv/lib/python3.10/site-packages/starlette/middleware/cors.py", line 85, in __call__
    await self.app(scope, receive, send)
  File "/home/dzoan/credit-appraisal-agent-poc/.venv/lib/python3.10/site-packages/starlette/middleware/exceptions.py", line 62, in __call__
    await wrap_app_handling_exceptions(self.app, conn)(scope, receive, send)
  File "/home/dzoan/credit-appraisal-agent-poc/.venv/lib/python3.10/site-packages/starlette/_exception_handler.py", line 62, in wrapped_app
    raise exc
  File "/home/dzoan/credit-appraisal-agent-poc/.venv/lib/python3.10/site-packages/starlette/_exception_handler.py", line 51, in wrapped_app
    await app(scope, receive, sender)
  File "/home/dzoan/credit-appraisal-agent-poc/.venv/lib/python3.10/site-packages/starlette/routing.py", line 715, in __call__
    await self.middleware_stack(scope, receive, send)
  File "/home/dzoan/credit-appraisal-agent-poc/.venv/lib/python3.10/site-packages/starlette/routing.py", line 735, in app
    await route.handle(scope, receive, send)
  File "/home/dzoan/credit-appraisal-agent-poc/.venv/lib/python3.10/site-packages/starlette/routing.py", line 288, in handle
    await self.app(scope, receive, send)
  File "/home/dzoan/credit-appraisal-agent-poc/.venv/lib/python3.10/site-packages/starlette/routing.py", line 76, in app
    await wrap_app_handling_exceptions(app, request)(scope, receive, send)
  File "/home/dzoan/credit-appraisal-agent-poc/.venv/lib/python3.10/site-packages/starlette/_exception_handler.py", line 62, in wrapped_app
    raise exc
  File "/home/dzoan/credit-appraisal-agent-poc/.venv/lib/python3.10/site-packages/starlette/_exception_handler.py", line 51, in wrapped_app
    await app(scope, receive, sender)
  File "/home/dzoan/credit-appraisal-agent-poc/.venv/lib/python3.10/site-packages/starlette/routing.py", line 73, in app
    response = await f(request)
  File "/home/dzoan/credit-appraisal-agent-poc/.venv/lib/python3.10/site-packages/fastapi/routing.py", line 301, in app
    raw_response = await run_endpoint_function(
  File "/home/dzoan/credit-appraisal-agent-poc/.venv/lib/python3.10/site-packages/fastapi/routing.py", line 212, in run_endpoint_function
    return await dependant.call(**values)
  File "/home/dzoan/credit-appraisal-agent-poc/services/api/routers/agents.py", line 186, in run_agent
    out_df = runner(df, params)
  File "/home/dzoan/credit-appraisal-agent-poc/agents/credit_appraisal/runner.py", line 153, in run
    score = _score_classic(out)
  File "/home/dzoan/credit-appraisal-agent-poc/agents/credit_appraisal/runner.py", line 40, in _score_classic
    credit_score = _safe_num(df.get("credit_score", 600))
  File "/home/dzoan/credit-appraisal-agent-poc/agents/credit_appraisal/runner.py", line 31, in _safe_num
    return pd.Series([default] * len(series))
TypeError: object of type 'int' has no len()
INFO:     Shutting down
INFO:     Waiting for application shutdown.
INFO:     Application shutdown complete.
INFO:     Finished server process [15207]
INFO:     Stopping reloader process [15197]
