
  You can now view your Streamlit app in your browser.

  URL: http://0.0.0.0:8502

2025-10-25 18:31:24.891 Script compilation error
Traceback (most recent call last):
  File "/home/dzoan/credit-appraisal-agent-poc/.venv/lib/python3.10/site-packages/streamlit/runtime/scriptrunner/script_runner.py", line 571, in _run_script
    code = self._script_cache.get_bytecode(script_path)
  File "/home/dzoan/credit-appraisal-agent-poc/.venv/lib/python3.10/site-packages/streamlit/runtime/scriptrunner/script_cache.py", line 74, in get_bytecode
    bytecode = compile(  # type: ignore
  File "/home/dzoan/credit-appraisal-agent-poc/services/ui/app.py", line 25
    from __future__ import annotations
    ^^^^^^^^^^^^^^^^^^^^^^^^^^^^^^^^^^
SyntaxError: from __future__ imports must occur at the beginning of the file
2025-10-25 18:31:24.892 Thread 'MainThread': missing ScriptRunContext! This warning can be ignored when running in bare mode.
2025-10-25 18:31:32.221 Script compilation error
Traceback (most recent call last):
  File "/home/dzoan/credit-appraisal-agent-poc/.venv/lib/python3.10/site-packages/streamlit/runtime/scriptrunner/script_runner.py", line 571, in _run_script
    code = self._script_cache.get_bytecode(script_path)
  File "/home/dzoan/credit-appraisal-agent-poc/.venv/lib/python3.10/site-packages/streamlit/runtime/scriptrunner/script_cache.py", line 74, in get_bytecode
    bytecode = compile(  # type: ignore
  File "/home/dzoan/credit-appraisal-agent-poc/services/ui/app.py", line 25
    from __future__ import annotations
    ^^^^^^^^^^^^^^^^^^^^^^^^^^^^^^^^^^
SyntaxError: from __future__ imports must occur at the beginning of the file
2025-10-25 18:31:32.222 Thread 'MainThread': missing ScriptRunContext! This warning can be ignored when running in bare mode.
  Stopping...
